[debug] [2023-04-22T21:25:01.931Z] ----------------------------------------------------------------------
[debug] [2023-04-22T21:25:01.933Z] Command:       C:\Program Files\nodejs\node.exe C:\Users\maike\AppData\Roaming\npm\node_modules\firebase-tools\lib\bin\firebase.js init
[debug] [2023-04-22T21:25:01.934Z] CLI Version:   11.28.0
[debug] [2023-04-22T21:25:01.934Z] Platform:      win32
[debug] [2023-04-22T21:25:01.934Z] Node Version:  v18.15.0
[debug] [2023-04-22T21:25:01.935Z] Time:          Sat Apr 22 2023 23:25:01 GMT+0200 (Central European Summer Time)
[debug] [2023-04-22T21:25:01.935Z] ----------------------------------------------------------------------
[debug] 
[debug] [2023-04-22T21:25:01.995Z] > command requires scopes: ["email","openid","https://www.googleapis.com/auth/cloudplatformprojects.readonly","https://www.googleapis.com/auth/firebase","https://www.googleapis.com/auth/cloud-platform"]
[debug] [2023-04-22T21:25:01.996Z] > authorizing via signed-in user (maiken.gunneroed@gmail.com)
[info] 
     ######## #### ########  ######## ########     ###     ######  ########
     ##        ##  ##     ## ##       ##     ##  ##   ##  ##       ##
     ######    ##  ########  ######   ########  #########  ######  ######
     ##        ##  ##    ##  ##       ##     ## ##     ##       ## ##
     ##       #### ##     ## ######## ########  ##     ##  ######  ########

You're about to initialize a Firebase project in this directory:

  D:\Coding\kayan-1

Before we get started, keep in mind:

  * You are initializing within an existing Firebase project directory

[info] 
=== Project Setup
[info] 
[info] First, let's associate this project directory with a Firebase project.
[info] You can create multiple project aliases by running firebase use --add, 
[info] but for now we'll just set up a default project.
[info] 
[debug] [2023-04-22T21:25:12.306Z] Using project from CLI flag: the-cloud-awaits
[debug] [2023-04-22T21:25:12.309Z] >>> [apiv2][query] GET https://firebase.googleapis.com/v1beta1/projects/the-cloud-awaits [none]
[debug] [2023-04-22T21:25:33.408Z] Failed to make request to https://firebase.googleapis.com/v1beta1/projects/the-cloud-awaits
[debug] [2023-04-22T21:25:33.409Z] FirebaseError: Failed to make request to https://firebase.googleapis.com/v1beta1/projects/the-cloud-awaits
    at RetryOperation._fn (C:\Users\maike\AppData\Roaming\npm\node_modules\firebase-tools\lib\apiv2.js:242:31)
    at process.processTicksAndRejections (node:internal/process/task_queues:95:5)
[error] 
[error] Error: Failed to get Firebase project the-cloud-awaits. Please make sure the project exists and your account has permission to access it.
