[debug] [2023-04-22T21:27:34.859Z] ----------------------------------------------------------------------
[debug] [2023-04-22T21:27:34.861Z] Command:       C:\Program Files\nodejs\node.exe C:\Users\maike\AppData\Roaming\npm\node_modules\firebase-tools\lib\bin\firebase.js init
[debug] [2023-04-22T21:27:34.862Z] CLI Version:   11.28.0
[debug] [2023-04-22T21:27:34.862Z] Platform:      win32
[debug] [2023-04-22T21:27:34.862Z] Node Version:  v18.15.0
[debug] [2023-04-22T21:27:34.863Z] Time:          Sat Apr 22 2023 23:27:34 GMT+0200 (Central European Summer Time)
[debug] [2023-04-22T21:27:34.863Z] ----------------------------------------------------------------------
[debug] 
[debug] [2023-04-22T21:27:34.921Z] > command requires scopes: ["email","openid","https://www.googleapis.com/auth/cloudplatformprojects.readonly","https://www.googleapis.com/auth/firebase","https://www.googleapis.com/auth/cloud-platform"]
[debug] [2023-04-22T21:27:34.922Z] > authorizing via signed-in user (maiken.gunneroed@gmail.com)
[info] 
     ######## #### ########  ######## ########     ###     ######  ########
     ##        ##  ##     ## ##       ##     ##  ##   ##  ##       ##
     ######    ##  ########  ######   ########  #########  ######  ######
     ##        ##  ##    ##  ##       ##     ## ##     ##       ## ##
     ##       #### ##     ## ######## ########  ##     ##  ######  ########

You're about to initialize a Firebase project in this directory:

  D:\Coding\kayan-1

Before we get started, keep in mind:

  * You are initializing within an existing Firebase project directory

[debug] [2023-04-27T15:20:01.348Z] ----------------------------------------------------------------------
[debug] [2023-04-27T15:20:01.349Z] Command:       C:\Program Files\nodejs\node.exe C:\Users\maike\AppData\Roaming\npm\node_modules\firebase-tools\lib\bin\firebase.js deploy
[debug] [2023-04-27T15:20:01.350Z] CLI Version:   11.28.0
[debug] [2023-04-27T15:20:01.350Z] Platform:      win32
[debug] [2023-04-27T15:20:01.350Z] Node Version:  v18.15.0
[debug] [2023-04-27T15:20:01.351Z] Time:          Thu Apr 27 2023 17:20:01 GMT+0200 (Central European Summer Time)
[debug] [2023-04-27T15:20:01.351Z] ----------------------------------------------------------------------
[debug] 
[debug] [2023-04-27T15:20:01.353Z] >>> [apiv2][query] GET https://firebase-public.firebaseio.com/cli.json [none]
[debug] [2023-04-27T15:20:01.446Z] > command requires scopes: ["email","openid","https://www.googleapis.com/auth/cloudplatformprojects.readonly","https://www.googleapis.com/auth/firebase","https://www.googleapis.com/auth/cloud-platform"]
[debug] [2023-04-27T15:20:01.446Z] > authorizing via signed-in user (maiken.gunneroed@gmail.com)
[debug] [2023-04-27T15:20:01.446Z] [iam] checking project the-cloud-awaits for permissions ["firebase.projects.get","firebasehosting.sites.update"]
[debug] [2023-04-27T15:20:01.447Z] > refreshing access token with scopes: []
[debug] [2023-04-27T15:20:01.448Z] >>> [apiv2][query] POST https://www.googleapis.com/oauth2/v3/token [none]
[debug] [2023-04-27T15:20:01.448Z] >>> [apiv2][body] POST https://www.googleapis.com/oauth2/v3/token [omitted]
[debug] [2023-04-27T15:20:01.754Z] <<< [apiv2][status] GET https://firebase-public.firebaseio.com/cli.json 200
[debug] [2023-04-27T15:20:01.755Z] <<< [apiv2][body] GET https://firebase-public.firebaseio.com/cli.json {"cloudBuildErrorAfter":1594252800000,"cloudBuildWarnAfter":1590019200000,"defaultNode10After":1594252800000,"minVersion":"3.0.5","node8DeploysDisabledAfter":1613390400000,"node8RuntimeDisabledAfter":1615809600000,"node8WarnAfter":1600128000000}
[debug] [2023-04-27T15:20:22.508Z] [iam] error while checking permissions, command may fail: FirebaseError: Authentication Error: Your credentials are no longer valid. Please run firebase login --reauth

For CI servers and headless environments, generate a new token with firebase login:ci
[debug] [2023-04-27T15:20:22.509Z] > refreshing access token with scopes: []
[debug] [2023-04-27T15:20:22.510Z] >>> [apiv2][query] POST https://www.googleapis.com/oauth2/v3/token [none]
[debug] [2023-04-27T15:20:22.510Z] >>> [apiv2][body] POST https://www.googleapis.com/oauth2/v3/token [omitted]
[debug] [2023-04-27T15:20:43.553Z] Authentication Error: Your credentials are no longer valid. Please run firebase login --reauth

For CI servers and headless environments, generate a new token with firebase login:ci
[debug] [2023-04-27T15:20:43.555Z] FirebaseError: Authentication Error: Your credentials are no longer valid. Please run firebase login --reauth

For CI servers and headless environments, generate a new token with firebase login:ci
    at invalidCredentialError (C:\Users\maike\AppData\Roaming\npm\node_modules\firebase-tools\lib\auth.js:144:12)
    at refreshTokens (C:\Users\maike\AppData\Roaming\npm\node_modules\firebase-tools\lib\auth.js:508:15)
    at process.processTicksAndRejections (node:internal/process/task_queues:95:5)
    at async Client.getAccessToken (C:\Users\maike\AppData\Roaming\npm\node_modules\firebase-tools\lib\apiv2.js:149:23)
    at async Client.addAuthHeader (C:\Users\maike\AppData\Roaming\npm\node_modules\firebase-tools\lib\apiv2.js:140:21)
    at async Client.request (C:\Users\maike\AppData\Roaming\npm\node_modules\firebase-tools\lib\apiv2.js:96:34)
    at async getFirebaseProject (C:\Users\maike\AppData\Roaming\npm\node_modules\firebase-tools\lib\management\projects.js:295:21)
    at async getDefaultHostingSite (C:\Users\maike\AppData\Roaming\npm\node_modules\firebase-tools\lib\getDefaultHostingSite.js:10:21)
    at async requireHostingSite (C:\Users\maike\AppData\Roaming\npm\node_modules\firebase-tools\lib\requireHostingSite.js:9:18)
    at async Object.fn (C:\Users\maike\AppData\Roaming\npm\node_modules\firebase-tools\lib\commands\deploy.js:74:9)
    at async C:\Users\maike\AppData\Roaming\npm\node_modules\firebase-tools\lib\command.js:214:17
[error] 
[error] Error: Failed to get Firebase project the-cloud-awaits. Please make sure the project exists and your account has permission to access it.
